<?xml version="1.0" encoding="UTF-8"?>
<!-- Generated by org.testng.reporters.JUnitReportReporter -->
<testsuite hostname="DESKTOP-L6DMJ84" failures="1" tests="3" name="testRunners.TestNGRunner" time="55.727" errors="0" timestamp="2023-08-19T22:09:23 IST" skipped="0">
  <testcase classname="testRunners.TestNGRunner" name="runScenario" time="18.522"/>
  <testcase classname="testRunners.TestNGRunner" name="runScenario" time="18.610">
    <failure message="expected [No ] but found [Bee]" type="java.lang.AssertionError">
      <![CDATA[java.lang.AssertionError: expected [No ] but found [Bee]
at org.testng.Assert.fail(Assert.java:111)
at org.testng.Assert.failNotEquals(Assert.java:1578)
at org.testng.Assert.assertEqualsImpl(Assert.java:150)
at org.testng.Assert.assertEquals(Assert.java:132)
at org.testng.Assert.assertEquals(Assert.java:656)
at org.testng.Assert.assertEquals(Assert.java:666)
at stepDefination.offerPageStepDefination.validate_product_name_in_offers_page_matches_with_landing_page(offerPageStepDefination.java:57)
at âœ½.validate product name in offers page matches with Landing Page(file:///D:/BDDByRahulShetty/BDDByRahul/./src/test/java/Features/SearchProduct.feature:8)
]]>
    </failure>
  </testcase> <!-- runScenario -->
  <testcase classname="testRunners.TestNGRunner" name="runScenario" time="18.595"/>
</testsuite> <!-- testRunners.TestNGRunner -->
