<?xml version="1.0" encoding="UTF-8"?>
<!-- Generated by org.testng.reporters.JUnitXMLReporter -->
<testsuite ignored="0" hostname="DESKTOP-L6DMJ84" failures="1" tests="1" name="Default test(failed)" time="12.2" errors="0" timestamp="2023-08-18T11:47:53 IST">
  <testcase classname="io.cucumber.testng.AbstractTestNGCucumberTests" name="runScenario" time="11.886">
    <failure type="java.lang.AssertionError" message="expected [No ] but found [Bee]">
      <![CDATA[java.lang.AssertionError: expected [No ] but found [Bee]
at stepDefination.offerPageStepDefination.validate_product_name_in_offers_page_matches_with_landing_page(offerPageStepDefination.java:57)
at âœ½.validate product name in offers page matches with Landing Page(file:///D:/BDDByRahulShetty/BDDByRahul/./src/test/java/Features/SearchProduct.feature:8)
... Removed 6 stack frames]]>
    </failure>
  </testcase> <!-- runScenario -->
</testsuite> <!-- Default test(failed) -->
